# JRE version: Java(TM) SE Runtime Environment (22.0+36) (build 22+36-2370)
# Java VM: Java HotSpot(TM) 64-Bit Server VM (22+36-2370, mixed mode, sharing, tiered, compressed oops, compressed class ptrs, g1 gc, windows-amd64)
GC Precious Log:
 CardTable entry size: 512
 Card Set container configuration: InlinePtr #cards 4 size 8 Array Of Cards #cards 16 size 48 Howl #buckets 8 coarsen threshold 3686 Howl Bitmap #cards 512 size 80 coarsen threshold 460 Card regions per heap region 1 cards per card region 4096
 CPUs: 8 total, 8 available
 Memory: 16262M
 Large Page Support: Disabled
 NUMA Support: Disabled
 Compressed Oops: Enabled (Zero based)
 Heap Region Size: 2M
 Heap Min Capacity: 8M
 Heap Initial Capacity: 256M
 Heap Max Capacity: 4066M
 Pre-touch: Disabled
 Parallel Workers: 8
 Concurrent Workers: 2
 Concurrent Refinement Workers: 8
 Periodic GC: Disabled
Heap:
 garbage-first heap   total reserved 4163584K, committed 81920K, used 54303K [0x0000000701e00000, 0x0000000800000000)
  region size 2048K, 14 young (28672K), 2 survivors (4096K)
 Metaspace       used 82831K, committed 83584K, reserved 1179648K
  class space    used 11154K, committed 11520K, reserved 1048576K
GC Heap History (20 events):
Event: 148.741 GC heap before
{Heap before GC invocations=15 (full 0):
 garbage-first heap   total reserved 4163584K, committed 81920K, used 42083K [0x0000000701e00000, 0x0000000800000000)
  region size 2048K, 7 young (14336K), 3 survivors (6144K)
 Metaspace       used 80692K, committed 81408K, reserved 1179648K
  class space    used 11077K, committed 11392K, reserved 1048576K
}
Event: 148.798 GC heap after
{Heap after GC invocations=16 (full 1):
 garbage-first heap   total reserved 4163584K, committed 81920K, used 31156K [0x0000000701e00000, 0x0000000800000000)
  region size 2048K, 0 young (0K), 0 survivors (0K)
 Metaspace       used 80692K, committed 81408K, reserved 1179648K
  class space    used 11077K, committed 11392K, reserved 1048576K
}
Event: 149.631 GC heap before
{Heap before GC invocations=16 (full 1):
 garbage-first heap   total reserved 4163584K, committed 81920K, used 63924K [0x0000000701e00000, 0x0000000800000000)
  region size 2048K, 17 young (34816K), 0 survivors (0K)
 Metaspace       used 80871K, committed 81664K, reserved 1179648K
  class space    used 11087K, committed 11456K, reserved 1048576K
}
Event: 149.634 GC heap after
{Heap after GC invocations=17 (full 1):
 garbage-first heap   total reserved 4163584K, committed 81920K, used 34765K [0x0000000701e00000, 0x0000000800000000)
  region size 2048K, 2 young (4096K), 2 survivors (4096K)
 Metaspace       used 80871K, committed 81664K, reserved 1179648K
  class space    used 11087K, committed 11456K, reserved 1048576K
}
Event: 150.153 GC heap before
{Heap before GC invocations=18 (full 1):
 garbage-first heap   total reserved 4163584K, committed 81920K, used 65485K [0x0000000701e00000, 0x0000000800000000)
  region size 2048K, 18 young (36864K), 2 survivors (4096K)
 Metaspace       used 81285K, committed 82048K, reserved 1179648K
  class space    used 11101K, committed 11456K, reserved 1048576K
}
Event: 150.158 GC heap after
{Heap after GC invocations=19 (full 1):
 garbage-first heap   total reserved 4163584K, committed 81920K, used 36281K [0x0000000701e00000, 0x0000000800000000)
  region size 2048K, 3 young (6144K), 3 survivors (6144K)
 Metaspace       used 81285K, committed 82048K, reserved 1179648K
  class space    used 11101K, committed 11456K, reserved 1048576K
}
Event: 171.758 GC heap before
{Heap before GC invocations=19 (full 1):
 garbage-first heap   total reserved 4163584K, committed 81920K, used 64953K [0x0000000701e00000, 0x0000000800000000)
  region size 2048K, 17 young (34816K), 3 survivors (6144K)
 Metaspace       used 81463K, committed 82240K, reserved 1179648K
  class space    used 11103K, committed 11456K, reserved 1048576K
}
Event: 171.765 GC heap after
{Heap after GC invocations=20 (full 1):
 garbage-first heap   total reserved 4163584K, committed 81920K, used 36751K [0x0000000701e00000, 0x0000000800000000)
  region size 2048K, 2 young (4096K), 2 survivors (4096K)
 Metaspace       used 81463K, committed 82240K, reserved 1179648K
  class space    used 11103K, committed 11456K, reserved 1048576K
}
Event: 308.759 GC heap before
{Heap before GC invocations=20 (full 1):
 garbage-first heap   total reserved 4163584K, committed 81920K, used 42895K [0x0000000701e00000, 0x0000000800000000)
  region size 2048K, 6 young (12288K), 2 survivors (4096K)
 Metaspace       used 81626K, committed 82368K, reserved 1179648K
  class space    used 11109K, committed 11456K, reserved 1048576K
}
Event: 308.811 GC heap after
{Heap after GC invocations=21 (full 2):
 garbage-first heap   total reserved 4163584K, committed 81920K, used 31400K [0x0000000701e00000, 0x0000000800000000)
  region size 2048K, 0 young (0K), 0 survivors (0K)
 Metaspace       used 81626K, committed 82368K, reserved 1179648K
  class space    used 11109K, committed 11456K, reserved 1048576K
}
Event: 309.528 GC heap before
{Heap before GC invocations=21 (full 2):
 garbage-first heap   total reserved 4163584K, committed 81920K, used 66216K [0x0000000701e00000, 0x0000000800000000)
  region size 2048K, 18 young (36864K), 0 survivors (0K)
 Metaspace       used 81839K, committed 82624K, reserved 1179648K
  class space    used 11117K, committed 11456K, reserved 1048576K
}
Event: 309.531 GC heap after
{Heap after GC invocations=22 (full 2):
 garbage-first heap   total reserved 4163584K, committed 81920K, used 35135K [0x0000000701e00000, 0x0000000800000000)
  region size 2048K, 2 young (4096K), 2 survivors (4096K)
 Metaspace       used 81839K, committed 82624K, reserved 1179648K
  class space    used 11117K, committed 11456K, reserved 1048576K
}
Event: 310.027 GC heap before
{Heap before GC invocations=23 (full 2):
 garbage-first heap   total reserved 4163584K, committed 81920K, used 65855K [0x0000000701e00000, 0x0000000800000000)
  region size 2048K, 18 young (36864K), 2 survivors (4096K)
 Metaspace       used 82204K, committed 83072K, reserved 1179648K
  class space    used 11128K, committed 11520K, reserved 1048576K
}
Event: 310.030 GC heap after
{Heap after GC invocations=24 (full 2):
 garbage-first heap   total reserved 4163584K, committed 81920K, used 36651K [0x0000000701e00000, 0x0000000800000000)
  region size 2048K, 2 young (4096K), 2 survivors (4096K)
 Metaspace       used 82204K, committed 83072K, reserved 1179648K
  class space    used 11128K, committed 11520K, reserved 1048576K
}
Event: 444.339 GC heap before
{Heap before GC invocations=24 (full 2):
 garbage-first heap   total reserved 4163584K, committed 81920K, used 65323K [0x0000000701e00000, 0x0000000800000000)
  region size 2048K, 16 young (32768K), 2 survivors (4096K)
 Metaspace       used 82285K, committed 83072K, reserved 1179648K
  class space    used 11130K, committed 11520K, reserved 1048576K
}
Event: 444.347 GC heap after
{Heap after GC invocations=25 (full 2):
 garbage-first heap   total reserved 4163584K, committed 81920K, used 37528K [0x0000000701e00000, 0x0000000800000000)
  region size 2048K, 2 young (4096K), 2 survivors (4096K)
 Metaspace       used 82285K, committed 83072K, reserved 1179648K
  class space    used 11130K, committed 11520K, reserved 1048576K
}
Event: 1061.987 GC heap before
{Heap before GC invocations=25 (full 2):
 garbage-first heap   total reserved 4163584K, committed 81920K, used 53912K [0x0000000701e00000, 0x0000000800000000)
  region size 2048K, 11 young (22528K), 2 survivors (4096K)
 Metaspace       used 82321K, committed 83200K, reserved 1179648K
  class space    used 11131K, committed 11520K, reserved 1048576K
}
Event: 1062.038 GC heap after
{Heap after GC invocations=26 (full 3):
 garbage-first heap   total reserved 4163584K, committed 81920K, used 30330K [0x0000000701e00000, 0x0000000800000000)
  region size 2048K, 0 young (0K), 0 survivors (0K)
 Metaspace       used 82303K, committed 83200K, reserved 1179648K
  class space    used 11129K, committed 11520K, reserved 1048576K
}
Event: 1062.768 GC heap before
{Heap before GC invocations=26 (full 3):
 garbage-first heap   total reserved 4163584K, committed 81920K, used 67194K [0x0000000701e00000, 0x0000000800000000)
  region size 2048K, 19 young (38912K), 0 survivors (0K)
 Metaspace       used 82490K, committed 83328K, reserved 1179648K
  class space    used 11140K, committed 11520K, reserved 1048576K
}
Event: 1062.771 GC heap after
{Heap after GC invocations=27 (full 3):
 garbage-first heap   total reserved 4163584K, committed 81920K, used 33823K [0x0000000701e00000, 0x0000000800000000)
  region size 2048K, 2 young (4096K), 2 survivors (4096K)
 Metaspace       used 82490K, committed 83328K, reserved 1179648K
  class space    used 11140K, committed 11520K, reserved 1048576K
}

