# JRE version: Java(TM) SE Runtime Environment (22.0+36) (build 22+36-2370)
# Java VM: Java HotSpot(TM) 64-Bit Server VM (22+36-2370, mixed mode, sharing, tiered, compressed oops, compressed class ptrs, g1 gc, windows-amd64)
GC Precious Log:
 CardTable entry size: 512
 Card Set container configuration: InlinePtr #cards 4 size 8 Array Of Cards #cards 16 size 48 Howl #buckets 8 coarsen threshold 3686 Howl Bitmap #cards 512 size 80 coarsen threshold 460 Card regions per heap region 1 cards per card region 4096
 CPUs: 8 total, 8 available
 Memory: 16262M
 Large Page Support: Disabled
 NUMA Support: Disabled
 Compressed Oops: Enabled (Zero based)
 Heap Region Size: 2M
 Heap Min Capacity: 8M
 Heap Initial Capacity: 256M
 Heap Max Capacity: 4066M
 Pre-touch: Disabled
 Parallel Workers: 8
 Concurrent Workers: 2
 Concurrent Refinement Workers: 8
 Periodic GC: Disabled
Heap:
 garbage-first heap   total reserved 4163584K, committed 122880K, used 95751K [0x0000000701e00000, 0x0000000800000000)
  region size 2048K, 32 young (65536K), 0 survivors (0K)
 Metaspace       used 84303K, committed 85056K, reserved 1179648K
  class space    used 11322K, committed 11648K, reserved 1048576K
GC Heap History (20 events):
Event: 17.215 GC heap before
{Heap before GC invocations=11 (full 0):
 garbage-first heap   total reserved 4163584K, committed 49152K, used 42517K [0x0000000701e00000, 0x0000000800000000)
  region size 2048K, 11 young (22528K), 1 survivors (2048K)
 Metaspace       used 41005K, committed 41600K, reserved 1114112K
  class space    used 5481K, committed 5760K, reserved 1048576K
}
Event: 17.227 GC heap after
{Heap after GC invocations=12 (full 0):
 garbage-first heap   total reserved 4163584K, committed 49152K, used 23121K [0x0000000701e00000, 0x0000000800000000)
  region size 2048K, 2 young (4096K), 2 survivors (4096K)
 Metaspace       used 41005K, committed 41600K, reserved 1114112K
  class space    used 5481K, committed 5760K, reserved 1048576K
}
Event: 19.332 GC heap before
{Heap before GC invocations=12 (full 0):
 garbage-first heap   total reserved 4163584K, committed 49152K, used 39505K [0x0000000701e00000, 0x0000000800000000)
  region size 2048K, 10 young (20480K), 2 survivors (4096K)
 Metaspace       used 48719K, committed 49344K, reserved 1114112K
  class space    used 6437K, committed 6720K, reserved 1048576K
}
Event: 19.354 GC heap after
{Heap after GC invocations=13 (full 0):
 garbage-first heap   total reserved 4163584K, committed 49152K, used 24824K [0x0000000701e00000, 0x0000000800000000)
  region size 2048K, 2 young (4096K), 2 survivors (4096K)
 Metaspace       used 48719K, committed 49344K, reserved 1114112K
  class space    used 6437K, committed 6720K, reserved 1048576K
}
Event: 20.560 GC heap before
{Heap before GC invocations=13 (full 0):
 garbage-first heap   total reserved 4163584K, committed 49152K, used 39160K [0x0000000701e00000, 0x0000000800000000)
  region size 2048K, 9 young (18432K), 2 survivors (4096K)
 Metaspace       used 52053K, committed 52672K, reserved 1114112K
  class space    used 6893K, committed 7168K, reserved 1048576K
}
Event: 20.577 GC heap after
{Heap after GC invocations=14 (full 0):
 garbage-first heap   total reserved 4163584K, committed 49152K, used 26300K [0x0000000701e00000, 0x0000000800000000)
  region size 2048K, 2 young (4096K), 2 survivors (4096K)
 Metaspace       used 52053K, committed 52672K, reserved 1114112K
  class space    used 6893K, committed 7168K, reserved 1048576K
}
Event: 21.591 GC heap before
{Heap before GC invocations=15 (full 0):
 garbage-first heap   total reserved 4163584K, committed 49152K, used 38588K [0x0000000701e00000, 0x0000000800000000)
  region size 2048K, 8 young (16384K), 2 survivors (4096K)
 Metaspace       used 54474K, committed 55040K, reserved 1114112K
  class space    used 7225K, committed 7488K, reserved 1048576K
}
Event: 21.605 GC heap after
{Heap after GC invocations=16 (full 0):
 garbage-first heap   total reserved 4163584K, committed 155648K, used 27081K [0x0000000701e00000, 0x0000000800000000)
  region size 2048K, 1 young (2048K), 1 survivors (2048K)
 Metaspace       used 54474K, committed 55040K, reserved 1114112K
  class space    used 7225K, committed 7488K, reserved 1048576K
}
Event: 34.655 GC heap before
{Heap before GC invocations=16 (full 0):
 garbage-first heap   total reserved 4163584K, committed 155648K, used 115145K [0x0000000701e00000, 0x0000000800000000)
  region size 2048K, 45 young (92160K), 1 survivors (2048K)
 Metaspace       used 71619K, committed 72384K, reserved 1114112K
  class space    used 9778K, committed 10112K, reserved 1048576K
}
Event: 34.664 GC heap after
{Heap after GC invocations=17 (full 0):
 garbage-first heap   total reserved 4163584K, committed 155648K, used 32463K [0x0000000701e00000, 0x0000000800000000)
  region size 2048K, 4 young (8192K), 4 survivors (8192K)
 Metaspace       used 71619K, committed 72384K, reserved 1114112K
  class space    used 9778K, committed 10112K, reserved 1048576K
}
Event: 741.469 GC heap before
{Heap before GC invocations=17 (full 0):
 garbage-first heap   total reserved 4163584K, committed 155648K, used 114383K [0x0000000701e00000, 0x0000000800000000)
  region size 2048K, 45 young (92160K), 4 survivors (8192K)
 Metaspace       used 82003K, committed 82752K, reserved 1179648K
  class space    used 11197K, committed 11520K, reserved 1048576K
}
Event: 741.500 GC heap after
{Heap after GC invocations=18 (full 0):
 garbage-first heap   total reserved 4163584K, committed 155648K, used 37906K [0x0000000701e00000, 0x0000000800000000)
  region size 2048K, 6 young (12288K), 6 survivors (12288K)
 Metaspace       used 82003K, committed 82752K, reserved 1179648K
  class space    used 11197K, committed 11520K, reserved 1048576K
}
Event: 1203.212 GC heap before
{Heap before GC invocations=18 (full 0):
 garbage-first heap   total reserved 4163584K, committed 155648K, used 58386K [0x0000000701e00000, 0x0000000800000000)
  region size 2048K, 17 young (34816K), 6 survivors (12288K)
 Metaspace       used 82321K, committed 83072K, reserved 1179648K
  class space    used 11230K, committed 11584K, reserved 1048576K
}
Event: 1203.291 GC heap after
{Heap after GC invocations=19 (full 1):
 garbage-first heap   total reserved 4163584K, committed 122880K, used 31966K [0x0000000701e00000, 0x0000000800000000)
  region size 2048K, 0 young (0K), 0 survivors (0K)
 Metaspace       used 82321K, committed 83072K, reserved 1179648K
  class space    used 11230K, committed 11584K, reserved 1048576K
}
Event: 1205.028 GC heap before
{Heap before GC invocations=19 (full 1):
 garbage-first heap   total reserved 4163584K, committed 122880K, used 99550K [0x0000000701e00000, 0x0000000800000000)
  region size 2048K, 34 young (69632K), 0 survivors (0K)
 Metaspace       used 83029K, committed 83776K, reserved 1179648K
  class space    used 11280K, committed 11584K, reserved 1048576K
}
Event: 1205.035 GC heap after
{Heap after GC invocations=20 (full 1):
 garbage-first heap   total reserved 4163584K, committed 122880K, used 37385K [0x0000000701e00000, 0x0000000800000000)
  region size 2048K, 3 young (6144K), 3 survivors (6144K)
 Metaspace       used 83029K, committed 83776K, reserved 1179648K
  class space    used 11280K, committed 11584K, reserved 1048576K
}
Event: 1966.997 GC heap before
{Heap before GC invocations=21 (full 1):
 garbage-first heap   total reserved 4163584K, committed 122880K, used 102921K [0x0000000701e00000, 0x0000000800000000)
  region size 2048K, 35 young (71680K), 3 survivors (6144K)
 Metaspace       used 83443K, committed 84224K, reserved 1179648K
  class space    used 11290K, committed 11584K, reserved 1048576K
}
Event: 1967.013 GC heap after
{Heap after GC invocations=22 (full 1):
 garbage-first heap   total reserved 4163584K, committed 122880K, used 39147K [0x0000000701e00000, 0x0000000800000000)
  region size 2048K, 4 young (8192K), 4 survivors (8192K)
 Metaspace       used 83443K, committed 84224K, reserved 1179648K
  class space    used 11290K, committed 11584K, reserved 1048576K
}
Event: 2431.436 GC heap before
{Heap before GC invocations=22 (full 1):
 garbage-first heap   total reserved 4163584K, committed 122880K, used 57579K [0x0000000701e00000, 0x0000000800000000)
  region size 2048K, 14 young (28672K), 4 survivors (8192K)
 Metaspace       used 83586K, committed 84352K, reserved 1179648K
  class space    used 11293K, committed 11648K, reserved 1048576K
}
Event: 2431.489 GC heap after
{Heap after GC invocations=23 (full 2):
 garbage-first heap   total reserved 4163584K, committed 122880K, used 32263K [0x0000000701e00000, 0x0000000800000000)
  region size 2048K, 0 young (0K), 0 survivors (0K)
 Metaspace       used 83586K, committed 84352K, reserved 1179648K
  class space    used 11293K, committed 11648K, reserved 1048576K
}

